<?xml version="1.0" encoding="UTF-8"?>
<!-- Generated by org.testng.reporters.JUnitXMLReporter -->
<testsuite hostname="Bernhardt" ignored="4" name="Default test" tests="1" failures="0" timestamp="17 Jan 2018 01:16:22 GMT" time="7.996" errors="0">
  <testcase name="testComplexResponse" time="7.906" classname="testCases.AppTest"/>
  <testcase name="testFloatValue" time="0.0" classname="testCases.AppTest">
    <ignored/>
  </testcase> <!-- testFloatValue -->
  <testcase name="testStatusCode" time="0.0" classname="testCases.AppTest">
    <ignored/>
  </testcase> <!-- testStatusCode -->
  <testcase name="testMediaType" time="0.0" classname="testCases.AppTest">
    <ignored/>
  </testcase> <!-- testMediaType -->
  <testcase name="testSchemeValidation" time="0.0" classname="testCases.AppTest">
    <ignored/>
  </testcase> <!-- testSchemeValidation -->
</testsuite> <!-- Default test -->
