<?xml version="1.0" encoding="UTF-8"?>
<testsuite name="TestSuite" time="91.594" tests="3" errors="0" skipped="0" failures="1">
  <properties>
[...]
</properties>
  <testcase name="doCheckoutGreenTea" classname="testCases.PracticeSeleniumTestCases" time="11.863"/>
  <testcase name="doVerifyPageSections" classname="testCases.PracticeSeleniumTestCases" time="66.618"/>
  <testcase name="sendEmailForm" classname="testCases.PracticeSeleniumTestCases" time="13.113">
    <failure message="Submit still present, no action was done " type="java.lang.AssertionError">java.lang.AssertionError: Submit still present, no action was done 
	at org.testng.Assert.fail(Assert.java:96)
	at baseModules.PracticeSeleniumBase.sendAnEmailForm(PracticeSeleniumBase.java:143)
	at testCases.PracticeSeleniumTestCases.sendEmailForm(PracticeSeleniumTestCases.java:42)
</failure>
    <system-out>12:45:56.855 [main] INFO  - ---> Closing WebDriver
12:46:00.876 [main] INFO  - ---> Starting WebDriver for Chrome
12:46:07.401 [main] INFO  - ---> Opening Practice Selenium
12:46:13.410 [main] INFO  - ---> Validating we are at the correct URL
12:46:13.439 [main] INFO  - ---> Validated
12:46:13.440 [main] INFO  - ---> Testing on sending an email form
12:46:17.906 [main] INFO  - ---> Filling Email form
12:46:20.275 [main] INFO  - ---> Submit button clicked
</system-out>
    <system-err>Starting ChromeDriver 2.35.528161 (5b82f2d2aae0ca24b877009200ced9065a772e73) on port 5021
Only local connections are allowed.
Jan 14, 2018 12:46:06 PM org.openqa.selenium.remote.ProtocolHandshake createSession
INFO: Detected dialect: OSS
</system-err>
  </testcase>
</testsuite>