<?xml version="1.0" encoding="UTF-8"?>
<!-- Generated by org.testng.reporters.JUnitXMLReporter -->
<testsuite hostname="Bernhardt" ignored="0" name="Test" tests="3" failures="1" timestamp="14 Jan 2018 16:46:24 GMT" time="127.618" errors="0">
  <testcase name="doCheckoutGreenTea" time="11.86" classname="testCases.PracticeSeleniumTestCases"/>
  <testcase name="doVerifyPageSections" time="66.619" classname="testCases.PracticeSeleniumTestCases"/>
  <testcase name="sendEmailForm" time="13.101" classname="testCases.PracticeSeleniumTestCases">
    <failure type="java.lang.AssertionError" message="Submit still present, no action was done ">
      <![CDATA[java.lang.AssertionError: Submit still present, no action was done at baseModules.PracticeSeleniumBase.sendAnEmailForm(PracticeSeleniumBase.java:143)at testCases.PracticeSeleniumTestCases.sendEmailForm(PracticeSeleniumTestCases.java:42)... Removed 35 stack frames]]>
    </failure>
  </testcase> <!-- sendEmailForm -->
</testsuite> <!-- Test -->
