<?xml version="1.0" encoding="UTF-8"?>
<!-- Generated by org.testng.reporters.JUnitXMLReporter -->
<testsuite hostname="Bernhardt" ignored="0" name="Test" tests="5" failures="0" timestamp="17 Jan 2018 02:28:04 GMT" time="14.492" errors="0">
  <testcase name="testComplexResponse" time="9.384" classname="testCases.AppTest"/>
  <testcase name="testFloatValue" time="0.582" classname="testCases.AppTest"/>
  <testcase name="testMediaType" time="0.481" classname="testCases.AppTest"/>
  <testcase name="testSchemeValidation" time="3.299" classname="testCases.AppTest"/>
  <testcase name="testStatusCode" time="0.637" classname="testCases.AppTest"/>
</testsuite> <!-- Test -->
