<?xml version="1.0" encoding="UTF-8"?>
<testng-results skipped="0" failed="1" ignored="2" total="3" passed="0">
  <reporter-output>
  </reporter-output>
  <suite name="Default suite" duration-ms="14802" started-at="2018-01-13T20:17:19Z" finished-at="2018-01-13T20:17:33Z">
    <groups>
    </groups>
    <test name="Default test" duration-ms="14802" started-at="2018-01-13T20:17:19Z" finished-at="2018-01-13T20:17:33Z">
      <class name="testCases.PracticeSeleniumTestCases">
        <test-method status="PASS" signature="setupDriver()[pri:0, instance:testCases.PracticeSeleniumTestCases@61df66b6]" name="setupDriver" is-config="true" duration-ms="7412" started-at="2018-01-13T16:17:19Z" finished-at="2018-01-13T16:17:26Z">
          <reporter-output>
          </reporter-output>
        </test-method> <!-- setupDriver -->
        <test-method status="FAIL" signature="doCheckoutGreenTea()[pri:0, instance:testCases.PracticeSeleniumTestCases@61df66b6]" name="doCheckoutGreenTea" duration-ms="2954" started-at="2018-01-13T16:17:26Z" finished-at="2018-01-13T16:17:29Z">
          <exception class="java.lang.NoSuchMethodError">
            <message>
              <![CDATA[baseModules.PracticeSeleniumBase.doGreenTeaCheckOut()V]]>
            </message>
            <full-stacktrace>
              <![CDATA[java.lang.NoSuchMethodError: baseModules.PracticeSeleniumBase.doGreenTeaCheckOut()Vat testCases.PracticeSeleniumTestCases.doCheckoutGreenTea(PracticeSeleniumTestCases.java:27)at sun.reflect.NativeMethodAccessorImpl.invoke0(Native Method)at sun.reflect.NativeMethodAccessorImpl.invoke(NativeMethodAccessorImpl.java:62)at sun.reflect.DelegatingMethodAccessorImpl.invoke(DelegatingMethodAccessorImpl.java:43)at java.lang.reflect.Method.invoke(Method.java:483)at org.testng.internal.MethodInvocationHelper.invokeMethod(MethodInvocationHelper.java:124)at org.testng.internal.Invoker.invokeMethod(Invoker.java:571)at org.testng.internal.Invoker.invokeTestMethod(Invoker.java:707)at org.testng.internal.Invoker.invokeTestMethods(Invoker.java:979)at org.testng.internal.TestMethodWorker.invokeTestMethods(TestMethodWorker.java:125)at org.testng.internal.TestMethodWorker.run(TestMethodWorker.java:109)at org.testng.TestRunner.privateRun(TestRunner.java:648)at org.testng.TestRunner.run(TestRunner.java:505)at org.testng.SuiteRunner.runTest(SuiteRunner.java:455)at org.testng.SuiteRunner.runSequentially(SuiteRunner.java:450)at org.testng.SuiteRunner.privateRun(SuiteRunner.java:415)at org.testng.SuiteRunner.run(SuiteRunner.java:364)at org.testng.SuiteRunnerWorker.runSuite(SuiteRunnerWorker.java:52)at org.testng.SuiteRunnerWorker.run(SuiteRunnerWorker.java:84)at org.testng.TestNG.runSuitesSequentially(TestNG.java:1187)at org.testng.TestNG.runSuitesLocally(TestNG.java:1116)at org.testng.TestNG.runSuites(TestNG.java:1028)at org.testng.TestNG.run(TestNG.java:996)at org.testng.remote.AbstractRemoteTestNG.run(AbstractRemoteTestNG.java:114)at org.testng.remote.RemoteTestNG.initAndRun(RemoteTestNG.java:251)at org.testng.remote.RemoteTestNG.main(RemoteTestNG.java:77)]]>
            </full-stacktrace>
          </exception> <!-- java.lang.NoSuchMethodError -->
          <reporter-output>
          </reporter-output>
        </test-method> <!-- doCheckoutGreenTea -->
        <test-method status="PASS" signature="quitDriver()[pri:0, instance:testCases.PracticeSeleniumTestCases@61df66b6]" name="quitDriver" is-config="true" duration-ms="4315" started-at="2018-01-13T16:17:29Z" finished-at="2018-01-13T16:17:33Z">
          <reporter-output>
          </reporter-output>
        </test-method> <!-- quitDriver -->
      </class> <!-- testCases.PracticeSeleniumTestCases -->
    </test> <!-- Default test -->
  </suite> <!-- Default suite -->
</testng-results>
