<?xml version="1.0" encoding="UTF-8"?>
<testsuite name="TestSuite" time="14.51" tests="5" errors="0" skipped="0" failures="0">
  <properties>
[...]
</properties>
  <testcase name="testComplexResponse" classname="testCases.AppTest" time="9.385"/>
  <testcase name="testFloatValue" classname="testCases.AppTest" time="0.595"/>
  <testcase name="testMediaType" classname="testCases.AppTest" time="0.517"/>
  <testcase name="testSchemeValidation" classname="testCases.AppTest" time="3.246"/>
  <testcase name="testStatusCode" classname="testCases.AppTest" time="0.767"/>
</testsuite>